<?xml version="1.0" encoding="UTF-8"?>
<testsuite xmlns:xsi="http://www.w3.org/2001/XMLSchema-instance" xsi:noNamespaceSchemaLocation="https://maven.apache.org/surefire/maven-surefire-plugin/xsd/surefire-test-report-3.0.xsd" version="3.0" name="org.apache.accumulo.metrics.logging.LoggingRegistryFactoryTest" time="200.441" tests="1" errors="0" skipped="0" failures="0">
  <properties>
[...]
</properties>
  <testcase name="metricsGenTest" classname="org.apache.accumulo.metrics.logging.LoggingRegistryFactoryTest" time="200.063">
    <system-out><![CDATA[[INFO ] 2024-02-06 22:40:59.577 [main] logging.LoggingRegistryFactory - starting metrics registration
[DEBUG] 2024-02-06 22:40:59.586 [main] logging.InternalLoggerFactory - Using SLF4J as the default logging framework
[INFO ] 2024-02-06 22:40:59.599 [main] push.PushMeterRegistry - publishing metrics for LoggingMeterRegistry every 10s
[INFO ] 2024-02-06 22:40:59.603 [main] logging.LoggingRegistryFactoryTest - Starting metrics generation
]]></system-out>
  </testcase>
</testsuite>